4-24-2026 08:50:53 - verbose: Arguments:
4-24-2026 08:50:53 - verbose:   /Applications/Cocos/Creator/3.7.3/CocosCreator.app/Contents/MacOS/CocosCreator: true
4-24-2026 08:50:53 - verbose:   project: /Users/user/NewProject_1
4-24-2026 08:50:53 - verbose:   can-show-upgrade-dialog: true
4-24-2026 08:50:53 - verbose:   dev: false
4-24-2026 08:50:53 - verbose:   home: /Users/user/.CocosCreator
4-24-2026 08:50:53 - verbose:  
4-24-2026 08:50:57 - verbose: [Package] menu@1.0.0 enable
4-24-2026 08:50:57 - verbose: [Package] profile@1.0.0 enable
4-24-2026 08:50:57 - verbose: [Package] project@1.0.4 enable
4-24-2026 08:50:57 - verbose: [Package] messages@1.0.0 enable
4-24-2026 08:50:57 - verbose: [Package] program@1.0.3 enable
4-24-2026 08:50:57 - verbose: [Package] tester@1.0.0 enable
4-24-2026 08:50:57 - verbose: [Package] information@1.0.0 enable
4-24-2026 08:50:57 - verbose: [Package] preferences@1.0.0 enable
4-24-2026 08:50:59 - log: Load engine in /Applications/Cocos/Creator/3.7.3/CocosCreator.app/Contents/Resources/resources/3d/engine
4-24-2026 08:50:59 - log: Profile changed: engine (modules.includeModules: 2d,animation,audio,base,dragon-bones,gfx-webgl,gfx-webgl2,intersection-2d,particle-2d,physics-2d-box2d,profiler,spine,tiled-map,tween,ui,video,webview)
4-24-2026 08:50:59 - log: Register native engine in /Applications/Cocos/Creator/3.7.3/CocosCreator.app/Contents/Resources/resources/3d/engine/native
4-24-2026 08:50:59 - verbose: [Package] engine@1.0.7 enable
4-24-2026 08:51:00 - verbose: [Package] programming@1.0.0 enable
4-24-2026 08:51:00 - verbose: [Package] device@1.0.1 enable
4-24-2026 08:51:00 - verbose: [Package] ui-kit@1.0.1 enable
4-24-2026 08:51:00 - verbose: [Package] asset-db@1.0.0 enable
4-24-2026 08:51:00 - verbose: [Package] scene@1.0.0 enable
4-24-2026 08:51:00 - verbose: [Package] server@1.0.0 enable
4-24-2026 08:51:00 - verbose: [Package] utils@1.0.0 enable
4-24-2026 08:51:04 - verbose: [Package] preview@1.0.1 enable
4-24-2026 08:51:04 - verbose: [Package] animator@1.0.0 enable
4-24-2026 08:51:04 - verbose: [Build-plugin] register pkg scene: 1ms
4-24-2026 08:51:04 - verbose: Builder PluginManager init: 1ms
4-24-2026 08:51:04 - verbose: [Package] builder@1.3.5 enable
4-24-2026 08:51:04 - verbose: [Package] shortcuts@1.0.1 enable
4-24-2026 08:51:04 - verbose: [Package] animation-graph@1.0.0 enable
4-24-2026 08:51:04 - verbose: [Package] about@1.0.2 enable
4-24-2026 08:51:04 - verbose: [Package] assets@1.0.0 enable
4-24-2026 08:51:04 - verbose: [Package] console@1.0.0 enable
4-24-2026 08:51:04 - verbose: [Package] crash-reporter@1.0.0 enable
4-24-2026 08:51:05 - verbose: [Package] extension@3.1.1 enable
4-24-2026 08:51:05 - verbose: [Package] hierarchy@1.0.0 enable
4-24-2026 08:51:05 - verbose: [Package] inspector@1.0.0 enable
4-24-2026 08:51:05 - verbose: [Package] light-probe@1.0.4 enable
4-24-2026 08:51:05 - verbose: [Package] lightmap@1.0.4 enable
4-24-2026 08:51:05 - verbose: [Package] node-library@1.0.1 enable
4-24-2026 08:51:05 - verbose: [Package] package-asset@1.0.1 enable
4-24-2026 08:51:05 - verbose: [Package] process@1.0.0 enable
4-24-2026 08:51:05 - verbose: [Package] reference-image@1.0.0 enable
4-24-2026 08:51:05 - verbose: [Package] reflection-probe@1.0.4 enable
4-24-2026 08:51:05 - verbose: [Package] engine-extends@1.0.0 enable
4-24-2026 08:51:05 - verbose: [Package] alipay-mini-game@1.0.1 enable
4-24-2026 08:51:05 - verbose: [Package] android@1.0.1 enable
4-24-2026 08:51:05 - verbose: [Package] bytedance-mini-game@1.0.2 enable
4-24-2026 08:51:05 - verbose: [Package] certificate@1.0.0 enable
4-24-2026 08:51:05 - verbose: [Package] channel-upload-tools@1.0.0 enable
4-24-2026 08:51:05 - verbose: [Package] fb-instant-games@1.0.0 enable
4-24-2026 08:51:05 - verbose: [Package] huawei-agc@1.0.0 enable
4-24-2026 08:51:05 - verbose: [Package] huawei-quick-game@1.0.1 enable
4-24-2026 08:51:05 - verbose: [Package] ios@1.0.0 enable
4-24-2026 08:51:05 - verbose: [Build-plugin] register pkg alipay-mini-game: 357ms
4-24-2026 08:51:05 - verbose: [Build-plugin] register pkg android: 336ms
4-24-2026 08:51:05 - verbose: [Build-plugin] register pkg bytedance-mini-game: 289ms
4-24-2026 08:51:05 - verbose: [Package] im-plugin@3.0.12 enable
4-24-2026 08:51:06 - verbose: [Package] cocos-service@3.0.7 enable
4-24-2026 08:51:06 - verbose: [Build-plugin] register pkg cocos-service: 30ms
4-24-2026 08:51:06 - verbose: [Package] linux@1.0.0 enable
4-24-2026 08:51:06 - verbose: [Build-plugin] register pkg fb-instant-games: 535ms
4-24-2026 08:51:06 - verbose: [Build-plugin] register pkg huawei-agc: 511ms
4-24-2026 08:51:06 - verbose: [Build-plugin] register pkg huawei-quick-game: 487ms
4-24-2026 08:51:06 - verbose: [Package] mac@1.0.0 enable
4-24-2026 08:51:06 - verbose: [Package] native@1.0.2 enable
4-24-2026 08:51:06 - verbose: [Build-plugin] register pkg native: 35ms
4-24-2026 08:51:06 - verbose: [Package] ohos@1.0.0 enable
4-24-2026 08:51:06 - verbose: [Build-plugin] register pkg ios: 479ms
4-24-2026 08:51:06 - verbose: [Package] open-harmonyos@1.0.0 enable
4-24-2026 08:51:06 - verbose: [Package] oppo-mini-game@1.0.1 enable
4-24-2026 08:51:06 - verbose: [Package] runtime-dev-tools@1.0.0 enable
4-24-2026 08:51:06 - verbose: [Package] taobao-creative-app@1.0.0 enable
4-24-2026 08:51:06 - verbose: [Package] taobao-mini-game@1.0.0 enable
4-24-2026 08:51:06 - verbose: [Build-plugin] register pkg mac: 243ms
4-24-2026 08:51:06 - verbose: [Package] vivo-mini-game@1.0.1 enable
4-24-2026 08:51:06 - verbose: [Package] web-desktop@1.0.1 enable
4-24-2026 08:51:06 - verbose: [Package] web-mobile@1.0.1 enable
4-24-2026 08:51:06 - verbose: [Package] wechatgame@1.0.2 enable
4-24-2026 08:51:06 - verbose: [Build-plugin] register pkg ohos: 245ms
4-24-2026 08:51:06 - verbose: [Package] wechatprogram@1.0.2 enable
4-24-2026 08:51:06 - verbose: [Package] windows@1.0.1 enable
4-24-2026 08:51:06 - verbose: [Build-plugin] register pkg oppo-mini-game: 237ms
4-24-2026 08:51:06 - verbose: [Package] xiaomi-quick-game@1.0.1 enable
4-24-2026 08:51:06 - verbose: [Build-plugin] register pkg vivo-mini-game: 183ms
4-24-2026 08:51:06 - verbose: [Package] placeholder@1.0.0 enable
4-24-2026 08:51:06 - verbose: [Build-plugin] register pkg wechatgame: 169ms
4-24-2026 08:51:06 - verbose: asset-db is ready!
4-24-2026 08:51:06 - verbose: [Build-plugin] register pkg taobao-mini-game: 305ms
4-24-2026 08:51:06 - verbose: [Build-plugin] register pkg web-desktop: 251ms
4-24-2026 08:51:06 - verbose: [Build-plugin] register pkg web-mobile: 250ms
4-24-2026 08:51:06 - verbose: [Build-plugin] register pkg windows: 247ms
4-24-2026 08:51:06 - verbose: [Build-plugin] register pkg xiaomi-quick-game: 254ms
4-24-2026 08:51:08 - info: [Scene] [Physics][Bullet]: Using asmjs Bullet libs.
4-24-2026 08:51:08 - info: [Scene] [PHYSICS]: using builtin.
4-24-2026 08:51:08 - log: [Scene] Cocos Creator v3.7.3
4-24-2026 08:51:08 - info: [Scene] Forward render pipeline initialized.
4-24-2026 08:51:09 - info: [Scene] [PHYSICS2D]: switch from builtin to box2d.
4-24-2026 09:02:40 - log: [Window] Deprecated as of 10.7.0. highlight(lang, code, ...args) has been deprecated.
4-24-2026 09:02:40 - log: [Window] Deprecated as of 10.7.0. Please use highlight(code, options) instead.
https://github.com/highlightjs/highlight.js/issues/2277
4-24-2026 09:22:22 - error: [Browser Preview]undefined
4-24-2026 09:22:22 - error: [Browser Preview]undefined
4-24-2026 09:40:56 - warn: Please set the application in Preferences -> External Programs -> Default Script Editor to better open the script
4-24-2026 11:10:14 - warn: Please set the application in Preferences -> External Programs -> Default Script Editor to better open the script
4-24-2026 11:12:25 - warn: Please set the application in Preferences -> External Programs -> Default Script Editor to better open the script
4-24-2026 11:12:43 - warn: Please set the application in Preferences -> External Programs -> Default Script Editor to better open the script
4-24-2026 11:28:02 - warn: A panel(inspector.sprite-editor) is currently open. Please try again later.
4-24-2026 11:43:45 - warn: Please set the application in Preferences -> External Programs -> Default Script Editor to better open the script
4-24-2026 11:46:19 - error: [Window] Cannot convert undefined or null to objectTypeError: Cannot convert undefined or null to object
    at Function.keys (<anonymous>)
    at Object.update (/Applications/Cocos/Creator/3.7.3/CocosCreator.app/Contents/Resources/app.asar/builtin/scene/dist/contributions/ui-kit/ui-prop/types/object.ccc:1:469)
    at Object.update (/Applications/Cocos/Creator/3.7.3/CocosCreator.app/Contents/Resources/app.asar/builtin/scene/dist/contributions/ui-kit/ui-prop/dump.ccc:1:4346)
    at HTMLElement.initRender (/Applications/Cocos/Creator/3.7.3/CocosCreator.app/Contents/Resources/app.asar/node_modules/@editor/creator-ui-kit/dist/renderer.ccc:2:676748)
    at HTMLElement.render (/Applications/Cocos/Creator/3.7.3/CocosCreator.app/Contents/Resources/app.asar/node_modules/@editor/creator-ui-kit/dist/renderer.ccc:2:676618)
    at /Applications/Cocos/Creator/3.7.3/CocosCreator.app/Contents/Resources/resources/3d/engine/editor/inspector/components/class.js:169:15
    at Array.forEach (<anonymous>)
    at Object.update (/Applications/Cocos/Creator/3.7.3/CocosCreator.app/Contents/Resources/resources/3d/engine/editor/inspector/components/class.js:120:29)
    at HTMLElement.update (/Applications/Cocos/Creator/3.7.3/CocosCreator.app/Contents/Resources/app.asar/node_modules/@editor/creator-ui-kit/dist/renderer.ccc:2:667024)
    at /Applications/Cocos/Creator/3.7.3/CocosCreator.app/Contents/Resources/resources/3d/engine/editor/inspector/contributions/node.js:1234:32
4-24-2026 11:48:56 - error: [Scene] {hidden(::SceneExecutorImportExceptionHandler::)} Error: SyntaxError: /file:/Users/user/NewProject_1/assets/script/loading.ts: Unexpected token (11:8)

   9 |                 director.loadScene('lobby');
  10 |             }, 1000);
> 11 |         )
     |         ^
  12 |     }
  13 | }
  14 |
    at Object.execute (file:///Users/user/NewProject_1/temp/programming/packer-driver/targets/editor/chunks/7e/data:text/javascript,%0A%2F%2F%20This%20module%20is%20auto-generated%20to%20report%20error%20emitted%20when%20try%20to%20load%20module%20file%3A%2F%2F%2FUsers%2Fuser%2FNewProject_1%2Fassets%2Fscript%2Floading.ts%20at%20runtime.%0Athrow%20new%20Error(%60SyntaxError%3A%20%2Ffile%3A%2FUsers%2Fuser%2FNewProject_1%2Fassets%2Fscript%2Floading.ts%3A%20Unexpected%20token%20(11%3A8)%0A%0A%20%20%209%20%7C%20%20%20%20%20%20%20%20%20%20%20%20%20%20%20%20%20director.loadScene('lobby')%3B%0A%20%2010%20%7C%20%20%20%20%20%20%20%20%20%20%20%20%20%7D%2C%201000)%3B%0A%3E%2011%20%7C%20%20%20%20%20%20%20%20%20)%0A%20%20%20%20%20%7C%20%20%20%20%20%20%20%20%20%5E%0A%20%2012%20%7C%20%20%20%20%20%7D%0A%20%2013%20%7C%20%7D%0A%20%2014%20%7C%60)%3B%0A%20%20%20%20%20%20%20%20:3:7)
    at doExec (/Applications/Cocos/Creator/3.7.3/CocosCreator.app/Contents/Resources/app.asar/node_modules/@editor/lib-programming/static/executor/systemjs-bridge/out/index.js:517:30)
    at postOrderExec (/Applications/Cocos/Creator/3.7.3/CocosCreator.app/Contents/Resources/app.asar/node_modules/@editor/lib-programming/static/executor/systemjs-bridge/out/index.js:508:21)
    at /Applications/Cocos/Creator/3.7.3/CocosCreator.app/Contents/Resources/app.asar/node_modules/@editor/lib-programming/static/executor/systemjs-bridge/out/index.js:440:12
    at file:///Users/user/NewProject_1/temp/programming/packer-driver/targets/editor/chunks/d1/cce:/internal/x/prerequisite-imports:8:13
    at Object.execute (file:///Users/user/NewProject_1/temp/programming/packer-driver/targets/editor/chunks/d1/cce:/internal/x/prerequisite-imports:4:1)
    at Executor._importPrerequisiteModules (/Applications/Cocos/Creator/3.7.3/CocosCreator.app/Contents/Resources/app.asar/node_modules/@editor/lib-programming/src/executor/index.ts:267:13)
    at Executor.reload (/Applications/Cocos/Creator/3.7.3/CocosCreator.app/Contents/Resources/app.asar/node_modules/@editor/lib-programming/src/executor/index.ts:155:9)
    at GlobalEnv.record (/Applications/Cocos/Creator/3.7.3/CocosCreator.app/Contents/Resources/app.asar/builtin/scene/dist/script/3d/manager/scripts.ccc:1:1876)Error: [Scene] {hidden(::SceneExecutorImportExceptionHandler::)} Error: SyntaxError: /file:/Users/user/NewProject_1/assets/script/loading.ts: Unexpected token (11:8)

   9 |                 director.loadScene('lobby');
  10 |             }, 1000);
> 11 |         )
  14 |
    at Object.execute (file:///Users/user/NewProject_1/temp/programming/packer-driver/targets/editor/chunks/7e/data:text/javascript,%0A%2F%2F%20This%20module%20is%20auto-generated%20to%20report%20error%20emitted%20when%20try%20to%20load%20module%20file%3A%2F%2F%2FUsers%2Fuser%2FNewProject_1%2Fassets%2Fscript%2Floading.ts%20at%20runtime.%0Athrow%20new%20Error(%60SyntaxError%3A%20%2Ffile%3A%2FUsers%2Fuser%2FNewProject_1%2Fassets%2Fscript%2Floading.ts%3A%20Unexpected%20token%20(11%3A8)%0A%0A%20%20%209%20%7C%20%20%20%20%20%20%20%20%20%20%20%20%20%20%20%20%20director.loadScene('lobby')%3B%0A%20%2010%20%7C%20%20%20%20%20%20%20%20%20%20%20%20%20%7D%2C%201000)%3B%0A%3E%2011%20%7C%20%20%20%20%20%20%20%20%20)%0A%20%20%20%20%20%7C%20%20%20%20%20%20%20%20%20%5E%0A%20%2012%20%7C%20%20%20%20%20%7D%0A%20%2013%20%7C%20%7D%0A%20%2014%20%7C%60)%3B%0A%20%20%20%20%20%20%20%20:3:7)
    at doExec (/Applications/Cocos/Creator/3.7.3/CocosCreator.app/Contents/Resources/app.asar/node_modules/@editor/lib-programming/static/executor/systemjs-bridge/out/index.js:517:30)
    at postOrderExec (/Applications/Cocos/Creator/3.7.3/CocosCreator.app/Contents/Resources/app.asar/node_modules/@editor/lib-programming/static/executor/systemjs-bridge/out/index.js:508:21)
    at /Applications/Cocos/Creator/3.7.3/CocosCreator.app/Contents/Resources/app.asar/node_modules/@editor/lib-programming/static/executor/systemjs-bridge/out/index.js:440:12
    at file:///Users/user/NewProject_1/temp/programming/packer-driver/targets/editor/chunks/d1/cce:/internal/x/prerequisite-imports:8:13
    at Object.execute (file:///Users/user/NewProject_1/temp/programming/packer-driver/targets/editor/chunks/d1/cce:/internal/x/prerequisite-imports:4:1)
    at Executor._importPrerequisiteModules (/Applications/Cocos/Creator/3.7.3/CocosCreator.app/Contents/Resources/app.asar/node_modules/@editor/lib-programming/src/executor/index.ts:267:13)
    at Executor.reload (/Applications/Cocos/Creator/3.7.3/CocosCreator.app/Contents/Resources/app.asar/node_modules/@editor/lib-programming/src/executor/index.ts:155:9)
    at GlobalEnv.record (/Applications/Cocos/Creator/3.7.3/CocosCreator.app/Contents/Resources/app.asar/builtin/scene/dist/script/3d/manager/scripts.ccc:1:1876)
    at Logger._logHandler (/Applications/Cocos/Creator/3.7.3/CocosCreator.app/Contents/Resources/app.asar/builtin/scene/dist/script/3d/manager/startup/log.ccc:1:318)
    at Logger.record (/Applications/Cocos/Creator/3.7.3/CocosCreator.app/Contents/Resources/app.asar/node_modules/@base/electron-logger/lib/renderer.ccc:1:458)
    at console.error (/Applications/Cocos/Creator/3.7.3/CocosCreator.app/Contents/Resources/app.asar/node_modules/@base/electron-logger/lib/renderer.ccc:1:1414)
    at ScriptManager._handleImportException (/Applications/Cocos/Creator/3.7.3/CocosCreator.app/Contents/Resources/app.asar/builtin/scene/dist/script/3d/manager/scripts.ccc:1:5259)
    at Executor.importExceptionHandler [as _importExceptionHandler] (/Applications/Cocos/Creator/3.7.3/CocosCreator.app/Contents/Resources/app.asar/builtin/scene/dist/script/3d/manager/scripts.ccc:1:3396)
    at Executor._onModuleLoaded (/Applications/Cocos/Creator/3.7.3/CocosCreator.app/Contents/Resources/app.asar/node_modules/@editor/lib-programming/src/executor/index.ts:316:22)
    at SystemJS.onload (/Applications/Cocos/Creator/3.7.3/CocosCreator.app/Contents/Resources/app.asar/node_modules/@editor/lib-programming/src/executor/index.ts:77:18)
    at triggerOnload (/Applications/Cocos/Creator/3.7.3/CocosCreator.app/Contents/Resources/app.asar/node_modules/@editor/lib-programming/static/executor/systemjs-bridge/out/index.js:270:10)
    at doExec (/Applications/Cocos/Creator/3.7.3/CocosCreator.app/Contents/Resources/app.asar/node_modules/@editor/lib-programming/static/executor/systemjs-bridge/out/index.js:538:7)
    at postOrderExec (/Applications/Cocos/Creator/3.7.3/CocosCreator.app/Contents/Resources/app.asar/node_modules/@editor/lib-programming/static/executor/systemjs-bridge/out/index.js:508:21)
4-24-2026 11:55:11 - warn: [Scene] Can not find environment map, disable IBL lightingError: [Scene] Can not find environment map, disable IBL lighting
    at warn (/Applications/Cocos/Creator/3.7.3/CocosCreator.app/Contents/Resources/resources/3d/engine/bin/.cache/dev/editor/bundled/index.js:147034:12)
    at warnID (/Applications/Cocos/Creator/3.7.3/CocosCreator.app/Contents/Resources/resources/3d/engine/bin/.cache/dev/editor/bundled/index.js:147253:5)
    at SkyboxInfo.set envmap (/Applications/Cocos/Creator/3.7.3/CocosCreator.app/Contents/Resources/resources/3d/engine/bin/.cache/dev/editor/bundled/index.js:54961:13)
    at SkyboxInfo.<anonymous> (/Applications/Cocos/Creator/3.7.3/CocosCreator.app/Contents/Resources/app.asar/builtin/scene/dist/script/3d/manager/asset/asset-watcher.ccc:1:1215)
    at AssetDump.decode (/Applications/Cocos/Creator/3.7.3/CocosCreator.app/Contents/Resources/app.asar/builtin/scene/dist/script/utils/dump/types/asset-dump.ccc:1:1049)
    at _decodeByType (/Applications/Cocos/Creator/3.7.3/CocosCreator.app/Contents/Resources/app.asar/builtin/scene/dist/script/utils/dump/decode.ccc:1:4319)
    at decodePatch (/Applications/Cocos/Creator/3.7.3/CocosCreator.app/Contents/Resources/app.asar/builtin/scene/dist/script/utils/dump/decode.ccc:1:5996)
4-24-2026 11:55:11 - warn: [Scene] Can not find environment map, disable IBL lightingError: [Scene] Can not find environment map, disable IBL lighting
    at warn (/Applications/Cocos/Creator/3.7.3/CocosCreator.app/Contents/Resources/resources/3d/engine/bin/.cache/dev/editor/bundled/index.js:147034:12)
    at warnID (/Applications/Cocos/Creator/3.7.3/CocosCreator.app/Contents/Resources/resources/3d/engine/bin/.cache/dev/editor/bundled/index.js:147253:5)
    at SkyboxInfo.set envmap (/Applications/Cocos/Creator/3.7.3/CocosCreator.app/Contents/Resources/resources/3d/engine/bin/.cache/dev/editor/bundled/index.js:54961:13)
    at SkyboxInfo.<anonymous> (/Applications/Cocos/Creator/3.7.3/CocosCreator.app/Contents/Resources/app.asar/builtin/scene/dist/script/3d/manager/asset/asset-watcher.ccc:1:1215)
    at AssetDump.decode (/Applications/Cocos/Creator/3.7.3/CocosCreator.app/Contents/Resources/app.asar/builtin/scene/dist/script/utils/dump/types/asset-dump.ccc:1:1049)
    at _decodeByType (/Applications/Cocos/Creator/3.7.3/CocosCreator.app/Contents/Resources/app.asar/builtin/scene/dist/script/utils/dump/decode.ccc:1:4319)
    at decodePatch (/Applications/Cocos/Creator/3.7.3/CocosCreator.app/Contents/Resources/app.asar/builtin/scene/dist/script/utils/dump/decode.ccc:1:5996)
4-24-2026 11:55:11 - warn: [Scene] Can not find environment map, disable IBL lightingError: [Scene] Can not find environment map, disable IBL lighting
    at warn (/Applications/Cocos/Creator/3.7.3/CocosCreator.app/Contents/Resources/resources/3d/engine/bin/.cache/dev/editor/bundled/index.js:147034:12)
    at warnID (/Applications/Cocos/Creator/3.7.3/CocosCreator.app/Contents/Resources/resources/3d/engine/bin/.cache/dev/editor/bundled/index.js:147253:5)
    at SkyboxInfo.set envmap (/Applications/Cocos/Creator/3.7.3/CocosCreator.app/Contents/Resources/resources/3d/engine/bin/.cache/dev/editor/bundled/index.js:54961:13)
    at SkyboxInfo.<anonymous> (/Applications/Cocos/Creator/3.7.3/CocosCreator.app/Contents/Resources/app.asar/builtin/scene/dist/script/3d/manager/asset/asset-watcher.ccc:1:1215)
    at AssetDump.decode (/Applications/Cocos/Creator/3.7.3/CocosCreator.app/Contents/Resources/app.asar/builtin/scene/dist/script/utils/dump/types/asset-dump.ccc:1:1049)
    at _decodeByType (/Applications/Cocos/Creator/3.7.3/CocosCreator.app/Contents/Resources/app.asar/builtin/scene/dist/script/utils/dump/decode.ccc:1:4319)
    at decodePatch (/Applications/Cocos/Creator/3.7.3/CocosCreator.app/Contents/Resources/app.asar/builtin/scene/dist/script/utils/dump/decode.ccc:1:5996)
4-24-2026 11:55:11 - warn: [Scene] Can not find environment map, disable IBL lightingError: [Scene] Can not find environment map, disable IBL lighting
    at warn (/Applications/Cocos/Creator/3.7.3/CocosCreator.app/Contents/Resources/resources/3d/engine/bin/.cache/dev/editor/bundled/index.js:147034:12)
    at warnID (/Applications/Cocos/Creator/3.7.3/CocosCreator.app/Contents/Resources/resources/3d/engine/bin/.cache/dev/editor/bundled/index.js:147253:5)
    at SkyboxInfo.set envmap (/Applications/Cocos/Creator/3.7.3/CocosCreator.app/Contents/Resources/resources/3d/engine/bin/.cache/dev/editor/bundled/index.js:54961:13)
    at SkyboxInfo.<anonymous> (/Applications/Cocos/Creator/3.7.3/CocosCreator.app/Contents/Resources/app.asar/builtin/scene/dist/script/3d/manager/asset/asset-watcher.ccc:1:1215)
    at AssetDump.decode (/Applications/Cocos/Creator/3.7.3/CocosCreator.app/Contents/Resources/app.asar/builtin/scene/dist/script/utils/dump/types/asset-dump.ccc:1:1049)
    at _decodeByType (/Applications/Cocos/Creator/3.7.3/CocosCreator.app/Contents/Resources/app.asar/builtin/scene/dist/script/utils/dump/decode.ccc:1:4319)
    at decodePatch (/Applications/Cocos/Creator/3.7.3/CocosCreator.app/Contents/Resources/app.asar/builtin/scene/dist/script/utils/dump/decode.ccc:1:5996)
4-24-2026 12:35:29 - warn: [Window] data in node dump (__comps__.0.anchorPoint x) is null!
4-24-2026 12:35:29 - warn: [Window] data in node dump (__comps__.0.anchorPoint y) is null!
4-24-2026 12:35:29 - warn: [Window] data in node dump (__comps__.0._anchorPoint x) is null!
4-24-2026 12:35:29 - warn: [Window] data in node dump (__comps__.0._anchorPoint y) is null!
4-24-2026 12:35:40 - warn: [Window] data in node dump (__comps__.0.anchorPoint x) is null!
4-24-2026 12:35:40 - warn: [Window] data in node dump (__comps__.0.anchorPoint y) is null!
4-24-2026 12:35:40 - warn: [Window] data in node dump (__comps__.0._anchorPoint x) is null!
4-24-2026 12:35:40 - warn: [Window] data in node dump (__comps__.0._anchorPoint y) is null!
4-24-2026 13:06:34 - warn: [Window] data in node dump (__comps__.0.anchorPoint x) is null!
4-24-2026 13:06:34 - warn: [Window] data in node dump (__comps__.0.anchorPoint y) is null!
4-24-2026 13:06:34 - warn: [Window] data in node dump (__comps__.0._anchorPoint x) is null!
4-24-2026 13:06:34 - warn: [Window] data in node dump (__comps__.0._anchorPoint y) is null!
4-24-2026 13:22:48 - warn: [Window] data in node dump (__comps__.0.anchorPoint x) is null!
4-24-2026 13:22:48 - warn: [Window] data in node dump (__comps__.0.anchorPoint y) is null!
4-24-2026 13:22:48 - warn: [Window] data in node dump (__comps__.0._anchorPoint x) is null!
4-24-2026 13:22:48 - warn: [Window] data in node dump (__comps__.0._anchorPoint y) is null!
4-24-2026 13:50:36 - warn: [Window] data in node dump (__comps__.0.anchorPoint x) is null!
4-24-2026 13:50:36 - warn: [Window] data in node dump (__comps__.0.anchorPoint y) is null!
4-24-2026 13:50:36 - warn: [Window] data in node dump (__comps__.0._anchorPoint x) is null!
4-24-2026 13:50:36 - warn: [Window] data in node dump (__comps__.0._anchorPoint y) is null!
4-24-2026 13:53:29 - warn: [Window] data in node dump (__comps__.0.anchorPoint x) is null!
4-24-2026 13:53:29 - warn: [Window] data in node dump (__comps__.0.anchorPoint y) is null!
4-24-2026 13:53:29 - warn: [Window] data in node dump (__comps__.0._anchorPoint x) is null!
4-24-2026 13:53:29 - warn: [Window] data in node dump (__comps__.0._anchorPoint y) is null!
4-24-2026 14:26:28 - error: [Scene] A Class already exists with the same __cid__ : "GameManager".Error: [Scene] A Class already exists with the same __cid__ : "GameManager".
    at error (/Applications/Cocos/Creator/3.7.3/CocosCreator.app/Contents/Resources/resources/3d/engine/bin/.cache/dev/editor/bundled/index.js:147052:12)
    at eval (/Applications/Cocos/Creator/3.7.3/CocosCreator.app/Contents/Resources/resources/3d/engine/bin/.cache/dev/editor/bundled/index.js:150798:11)
    at Module.setClassName (/Applications/Cocos/Creator/3.7.3/CocosCreator.app/Contents/Resources/resources/3d/engine/bin/.cache/dev/editor/bundled/index.js:150834:9)
    at doDefine (/Applications/Cocos/Creator/3.7.3/CocosCreator.app/Contents/Resources/resources/3d/engine/bin/.cache/dev/editor/bundled/index.js:125785:8)
    at define (/Applications/Cocos/Creator/3.7.3/CocosCreator.app/Contents/Resources/resources/3d/engine/bin/.cache/dev/editor/bundled/index.js:125806:17)
    at CCClass (/Applications/Cocos/Creator/3.7.3/CocosCreator.app/Contents/Resources/resources/3d/engine/bin/.cache/dev/editor/bundled/index.js:125924:17)
    at eval (/Applications/Cocos/Creator/3.7.3/CocosCreator.app/Contents/Resources/resources/3d/engine/bin/.cache/dev/editor/bundled/index.js:286036:21)
4-24-2026 14:26:28 - warn: [Scene] Missing class: e8a43XvHX5N+oEmQpYZrYbSError: [Scene] Missing class: e8a43XvHX5N+oEmQpYZrYbS
    at Object.classFinder (/Applications/Cocos/Creator/3.7.3/CocosCreator.app/Contents/Resources/app.asar/builtin/engine/dist/editor-extends/missing-reporter/missing-class-reporter.ccc:1:2131)
    at _Deserializer.classFinder [as _classFinder] (/Applications/Cocos/Creator/3.7.3/CocosCreator.app/Contents/Resources/resources/3d/engine/bin/.cache/dev/editor/bundled/index.js:157030:34)
    at _Deserializer._deserializeTypeTaggedObject (/Applications/Cocos/Creator/3.7.3/CocosCreator.app/Contents/Resources/resources/3d/engine/bin/.cache/dev/editor/bundled/index.js:44268:30)
    at _Deserializer._deserializeObject (/Applications/Cocos/Creator/3.7.3/CocosCreator.app/Contents/Resources/resources/3d/engine/bin/.cache/dev/editor/bundled/index.js:44209:29)
    at _Deserializer._deserializeAndAssignField (/Applications/Cocos/Creator/3.7.3/CocosCreator.app/Contents/Resources/resources/3d/engine/bin/.cache/dev/editor/bundled/index.js:44417:38)
    at _Deserializer._deserializeArray (/Applications/Cocos/Creator/3.7.3/CocosCreator.app/Contents/Resources/resources/3d/engine/bin/.cache/dev/editor/bundled/index.js:44243:40)
    at _Deserializer._deserializeObject (/Applications/Cocos/Creator/3.7.3/CocosCreator.app/Contents/Resources/resources/3d/engine/bin/.cache/dev/editor/bundled/index.js:44215:29)
4-24-2026 14:26:28 - error: [Scene] Script "e8a43XvHX5N+oEmQpYZrYbS" attached to "GameManager" is missing or invalid. Detailed information:
Node path: "Canvas/GameManager"
Script UUID: "e8a435ef-1d7e-4dfa-8126-429619ad86d2"
Class ID: "e8a43XvHX5N+oEmQpYZrYbS"
Error: [Scene] Script "e8a43XvHX5N+oEmQpYZrYbS" attached to "GameManager" is missing or invalid. Detailed information:
Node path: "Canvas/GameManager"
Script UUID: "e8a435ef-1d7e-4dfa-8126-429619ad86d2"
Class ID: "e8a43XvHX5N+oEmQpYZrYbS"

    at report (/Applications/Cocos/Creator/3.7.3/CocosCreator.app/Contents/Resources/app.asar/builtin/engine/dist/editor-extends/missing-reporter/missing-class-reporter.ccc:1:1156)
    at reportByWalker (/Applications/Cocos/Creator/3.7.3/CocosCreator.app/Contents/Resources/app.asar/builtin/engine/dist/editor-extends/missing-reporter/missing-class-reporter.ccc:1:1252)
    at /Applications/Cocos/Creator/3.7.3/CocosCreator.app/Contents/Resources/app.asar/builtin/engine/dist/editor-extends/missing-reporter/missing-class-reporter.ccc:1:1893
    at ObjectWalkerBehavior.walk (/Applications/Cocos/Creator/3.7.3/CocosCreator.app/Contents/Resources/app.asar/builtin/engine/dist/editor-extends/missing-reporter/object-walker.ccc:1:2355)
    at ObjectWalkerBehavior.forEach (/Applications/Cocos/Creator/3.7.3/CocosCreator.app/Contents/Resources/app.asar/builtin/engine/dist/editor-extends/missing-reporter/object-walker.ccc:1:825)
    at ObjectWalkerBehavior.parseObject (/Applications/Cocos/Creator/3.7.3/CocosCreator.app/Contents/Resources/app.asar/builtin/engine/dist/editor-extends/missing-reporter/object-walker.ccc:1:306)
    at doWalkProperties (/Applications/Cocos/Creator/3.7.3/CocosCreator.app/Contents/Resources/app.asar/builtin/engine/dist/editor-extends/missing-reporter/object-walker.ccc:1:2148)
4-24-2026 14:30:03 - error: [Scene] A Class already exists with the same __cid__ : "GameManager".Error: [Scene] A Class already exists with the same __cid__ : "GameManager".
    at error (/Applications/Cocos/Creator/3.7.3/CocosCreator.app/Contents/Resources/resources/3d/engine/bin/.cache/dev/editor/bundled/index.js:147052:12)
    at eval (/Applications/Cocos/Creator/3.7.3/CocosCreator.app/Contents/Resources/resources/3d/engine/bin/.cache/dev/editor/bundled/index.js:150798:11)
    at Module.setClassName (/Applications/Cocos/Creator/3.7.3/CocosCreator.app/Contents/Resources/resources/3d/engine/bin/.cache/dev/editor/bundled/index.js:150834:9)
    at doDefine (/Applications/Cocos/Creator/3.7.3/CocosCreator.app/Contents/Resources/resources/3d/engine/bin/.cache/dev/editor/bundled/index.js:125785:8)
    at define (/Applications/Cocos/Creator/3.7.3/CocosCreator.app/Contents/Resources/resources/3d/engine/bin/.cache/dev/editor/bundled/index.js:125806:17)
    at CCClass (/Applications/Cocos/Creator/3.7.3/CocosCreator.app/Contents/Resources/resources/3d/engine/bin/.cache/dev/editor/bundled/index.js:125924:17)
    at eval (/Applications/Cocos/Creator/3.7.3/CocosCreator.app/Contents/Resources/resources/3d/engine/bin/.cache/dev/editor/bundled/index.js:286036:21)
4-24-2026 14:30:03 - warn: [Scene] Missing class: e8a43XvHX5N+oEmQpYZrYbSError: [Scene] Missing class: e8a43XvHX5N+oEmQpYZrYbS
    at Object.classFinder (/Applications/Cocos/Creator/3.7.3/CocosCreator.app/Contents/Resources/app.asar/builtin/engine/dist/editor-extends/missing-reporter/missing-class-reporter.ccc:1:2131)
    at _Deserializer.classFinder [as _classFinder] (/Applications/Cocos/Creator/3.7.3/CocosCreator.app/Contents/Resources/resources/3d/engine/bin/.cache/dev/editor/bundled/index.js:157030:34)
    at _Deserializer._deserializeTypeTaggedObject (/Applications/Cocos/Creator/3.7.3/CocosCreator.app/Contents/Resources/resources/3d/engine/bin/.cache/dev/editor/bundled/index.js:44268:30)
    at _Deserializer._deserializeObject (/Applications/Cocos/Creator/3.7.3/CocosCreator.app/Contents/Resources/resources/3d/engine/bin/.cache/dev/editor/bundled/index.js:44209:29)
    at _Deserializer._deserializeAndAssignField (/Applications/Cocos/Creator/3.7.3/CocosCreator.app/Contents/Resources/resources/3d/engine/bin/.cache/dev/editor/bundled/index.js:44417:38)
    at _Deserializer._deserializeArray (/Applications/Cocos/Creator/3.7.3/CocosCreator.app/Contents/Resources/resources/3d/engine/bin/.cache/dev/editor/bundled/index.js:44243:40)
    at _Deserializer._deserializeObject (/Applications/Cocos/Creator/3.7.3/CocosCreator.app/Contents/Resources/resources/3d/engine/bin/.cache/dev/editor/bundled/index.js:44215:29)
4-24-2026 14:30:03 - error: [Scene] Script "e8a43XvHX5N+oEmQpYZrYbS" attached to "GameManager" is missing or invalid. Detailed information:
Node path: "Canvas/GameManager"
Script UUID: "e8a435ef-1d7e-4dfa-8126-429619ad86d2"
Class ID: "e8a43XvHX5N+oEmQpYZrYbS"
Error: [Scene] Script "e8a43XvHX5N+oEmQpYZrYbS" attached to "GameManager" is missing or invalid. Detailed information:
Node path: "Canvas/GameManager"
Script UUID: "e8a435ef-1d7e-4dfa-8126-429619ad86d2"
Class ID: "e8a43XvHX5N+oEmQpYZrYbS"

    at report (/Applications/Cocos/Creator/3.7.3/CocosCreator.app/Contents/Resources/app.asar/builtin/engine/dist/editor-extends/missing-reporter/missing-class-reporter.ccc:1:1156)
    at reportByWalker (/Applications/Cocos/Creator/3.7.3/CocosCreator.app/Contents/Resources/app.asar/builtin/engine/dist/editor-extends/missing-reporter/missing-class-reporter.ccc:1:1252)
    at /Applications/Cocos/Creator/3.7.3/CocosCreator.app/Contents/Resources/app.asar/builtin/engine/dist/editor-extends/missing-reporter/missing-class-reporter.ccc:1:1893
    at ObjectWalkerBehavior.walk (/Applications/Cocos/Creator/3.7.3/CocosCreator.app/Contents/Resources/app.asar/builtin/engine/dist/editor-extends/missing-reporter/object-walker.ccc:1:2355)
    at ObjectWalkerBehavior.forEach (/Applications/Cocos/Creator/3.7.3/CocosCreator.app/Contents/Resources/app.asar/builtin/engine/dist/editor-extends/missing-reporter/object-walker.ccc:1:825)
    at ObjectWalkerBehavior.parseObject (/Applications/Cocos/Creator/3.7.3/CocosCreator.app/Contents/Resources/app.asar/builtin/engine/dist/editor-extends/missing-reporter/object-walker.ccc:1:306)
    at doWalkProperties (/Applications/Cocos/Creator/3.7.3/CocosCreator.app/Contents/Resources/app.asar/builtin/engine/dist/editor-extends/missing-reporter/object-walker.ccc:1:2148)
4-24-2026 14:40:15 - warn: [Scene] Can not find environment map, disable IBL lightingError: [Scene] Can not find environment map, disable IBL lighting
    at warn (/Applications/Cocos/Creator/3.7.3/CocosCreator.app/Contents/Resources/resources/3d/engine/bin/.cache/dev/editor/bundled/index.js:147034:12)
    at warnID (/Applications/Cocos/Creator/3.7.3/CocosCreator.app/Contents/Resources/resources/3d/engine/bin/.cache/dev/editor/bundled/index.js:147253:5)
    at SkyboxInfo.set envmap (/Applications/Cocos/Creator/3.7.3/CocosCreator.app/Contents/Resources/resources/3d/engine/bin/.cache/dev/editor/bundled/index.js:54961:13)
    at SkyboxInfo.<anonymous> (/Applications/Cocos/Creator/3.7.3/CocosCreator.app/Contents/Resources/app.asar/builtin/scene/dist/script/3d/manager/asset/asset-watcher.ccc:1:1215)
    at AssetDump.decode (/Applications/Cocos/Creator/3.7.3/CocosCreator.app/Contents/Resources/app.asar/builtin/scene/dist/script/utils/dump/types/asset-dump.ccc:1:1049)
    at _decodeByType (/Applications/Cocos/Creator/3.7.3/CocosCreator.app/Contents/Resources/app.asar/builtin/scene/dist/script/utils/dump/decode.ccc:1:4319)
    at decodePatch (/Applications/Cocos/Creator/3.7.3/CocosCreator.app/Contents/Resources/app.asar/builtin/scene/dist/script/utils/dump/decode.ccc:1:5996)
4-24-2026 14:40:15 - warn: [Scene] Can not find environment map, disable IBL lightingError: [Scene] Can not find environment map, disable IBL lighting
    at warn (/Applications/Cocos/Creator/3.7.3/CocosCreator.app/Contents/Resources/resources/3d/engine/bin/.cache/dev/editor/bundled/index.js:147034:12)
    at warnID (/Applications/Cocos/Creator/3.7.3/CocosCreator.app/Contents/Resources/resources/3d/engine/bin/.cache/dev/editor/bundled/index.js:147253:5)
    at SkyboxInfo.set envmap (/Applications/Cocos/Creator/3.7.3/CocosCreator.app/Contents/Resources/resources/3d/engine/bin/.cache/dev/editor/bundled/index.js:54961:13)
    at SkyboxInfo.<anonymous> (/Applications/Cocos/Creator/3.7.3/CocosCreator.app/Contents/Resources/app.asar/builtin/scene/dist/script/3d/manager/asset/asset-watcher.ccc:1:1215)
    at AssetDump.decode (/Applications/Cocos/Creator/3.7.3/CocosCreator.app/Contents/Resources/app.asar/builtin/scene/dist/script/utils/dump/types/asset-dump.ccc:1:1049)
    at _decodeByType (/Applications/Cocos/Creator/3.7.3/CocosCreator.app/Contents/Resources/app.asar/builtin/scene/dist/script/utils/dump/decode.ccc:1:4319)
    at decodePatch (/Applications/Cocos/Creator/3.7.3/CocosCreator.app/Contents/Resources/app.asar/builtin/scene/dist/script/utils/dump/decode.ccc:1:5996)
4-24-2026 14:42:46 - warn: [Scene] Can not find environment map, disable IBL lightingError: [Scene] Can not find environment map, disable IBL lighting
    at warn (/Applications/Cocos/Creator/3.7.3/CocosCreator.app/Contents/Resources/resources/3d/engine/bin/.cache/dev/editor/bundled/index.js:147034:12)
    at warnID (/Applications/Cocos/Creator/3.7.3/CocosCreator.app/Contents/Resources/resources/3d/engine/bin/.cache/dev/editor/bundled/index.js:147253:5)
    at SkyboxInfo.set envmap (/Applications/Cocos/Creator/3.7.3/CocosCreator.app/Contents/Resources/resources/3d/engine/bin/.cache/dev/editor/bundled/index.js:54961:13)
    at SkyboxInfo.<anonymous> (/Applications/Cocos/Creator/3.7.3/CocosCreator.app/Contents/Resources/app.asar/builtin/scene/dist/script/3d/manager/asset/asset-watcher.ccc:1:1215)
    at AssetDump.decode (/Applications/Cocos/Creator/3.7.3/CocosCreator.app/Contents/Resources/app.asar/builtin/scene/dist/script/utils/dump/types/asset-dump.ccc:1:1049)
    at _decodeByType (/Applications/Cocos/Creator/3.7.3/CocosCreator.app/Contents/Resources/app.asar/builtin/scene/dist/script/utils/dump/decode.ccc:1:4319)
    at decodePatch (/Applications/Cocos/Creator/3.7.3/CocosCreator.app/Contents/Resources/app.asar/builtin/scene/dist/script/utils/dump/decode.ccc:1:5996)
4-24-2026 14:42:46 - warn: [Scene] Can not find environment map, disable IBL lightingError: [Scene] Can not find environment map, disable IBL lighting
    at warn (/Applications/Cocos/Creator/3.7.3/CocosCreator.app/Contents/Resources/resources/3d/engine/bin/.cache/dev/editor/bundled/index.js:147034:12)
    at warnID (/Applications/Cocos/Creator/3.7.3/CocosCreator.app/Contents/Resources/resources/3d/engine/bin/.cache/dev/editor/bundled/index.js:147253:5)
    at SkyboxInfo.set envmap (/Applications/Cocos/Creator/3.7.3/CocosCreator.app/Contents/Resources/resources/3d/engine/bin/.cache/dev/editor/bundled/index.js:54961:13)
    at SkyboxInfo.<anonymous> (/Applications/Cocos/Creator/3.7.3/CocosCreator.app/Contents/Resources/app.asar/builtin/scene/dist/script/3d/manager/asset/asset-watcher.ccc:1:1215)
    at AssetDump.decode (/Applications/Cocos/Creator/3.7.3/CocosCreator.app/Contents/Resources/app.asar/builtin/scene/dist/script/utils/dump/types/asset-dump.ccc:1:1049)
    at _decodeByType (/Applications/Cocos/Creator/3.7.3/CocosCreator.app/Contents/Resources/app.asar/builtin/scene/dist/script/utils/dump/decode.ccc:1:4319)
    at decodePatch (/Applications/Cocos/Creator/3.7.3/CocosCreator.app/Contents/Resources/app.asar/builtin/scene/dist/script/utils/dump/decode.ccc:1:5996)
4-24-2026 14:42:46 - warn: [Scene] Can not find environment map, disable IBL lightingError: [Scene] Can not find environment map, disable IBL lighting
    at warn (/Applications/Cocos/Creator/3.7.3/CocosCreator.app/Contents/Resources/resources/3d/engine/bin/.cache/dev/editor/bundled/index.js:147034:12)
    at warnID (/Applications/Cocos/Creator/3.7.3/CocosCreator.app/Contents/Resources/resources/3d/engine/bin/.cache/dev/editor/bundled/index.js:147253:5)
    at SkyboxInfo.set envmap (/Applications/Cocos/Creator/3.7.3/CocosCreator.app/Contents/Resources/resources/3d/engine/bin/.cache/dev/editor/bundled/index.js:54961:13)
    at SkyboxInfo.<anonymous> (/Applications/Cocos/Creator/3.7.3/CocosCreator.app/Contents/Resources/app.asar/builtin/scene/dist/script/3d/manager/asset/asset-watcher.ccc:1:1215)
    at AssetDump.decode (/Applications/Cocos/Creator/3.7.3/CocosCreator.app/Contents/Resources/app.asar/builtin/scene/dist/script/utils/dump/types/asset-dump.ccc:1:1049)
    at _decodeByType (/Applications/Cocos/Creator/3.7.3/CocosCreator.app/Contents/Resources/app.asar/builtin/scene/dist/script/utils/dump/decode.ccc:1:4319)
    at decodePatch (/Applications/Cocos/Creator/3.7.3/CocosCreator.app/Contents/Resources/app.asar/builtin/scene/dist/script/utils/dump/decode.ccc:1:5996)
4-24-2026 14:42:46 - warn: [Scene] Can not find environment map, disable IBL lightingError: [Scene] Can not find environment map, disable IBL lighting
    at warn (/Applications/Cocos/Creator/3.7.3/CocosCreator.app/Contents/Resources/resources/3d/engine/bin/.cache/dev/editor/bundled/index.js:147034:12)
    at warnID (/Applications/Cocos/Creator/3.7.3/CocosCreator.app/Contents/Resources/resources/3d/engine/bin/.cache/dev/editor/bundled/index.js:147253:5)
    at SkyboxInfo.set envmap (/Applications/Cocos/Creator/3.7.3/CocosCreator.app/Contents/Resources/resources/3d/engine/bin/.cache/dev/editor/bundled/index.js:54961:13)
    at SkyboxInfo.<anonymous> (/Applications/Cocos/Creator/3.7.3/CocosCreator.app/Contents/Resources/app.asar/builtin/scene/dist/script/3d/manager/asset/asset-watcher.ccc:1:1215)
    at AssetDump.decode (/Applications/Cocos/Creator/3.7.3/CocosCreator.app/Contents/Resources/app.asar/builtin/scene/dist/script/utils/dump/types/asset-dump.ccc:1:1049)
    at _decodeByType (/Applications/Cocos/Creator/3.7.3/CocosCreator.app/Contents/Resources/app.asar/builtin/scene/dist/script/utils/dump/decode.ccc:1:4319)
    at decodePatch (/Applications/Cocos/Creator/3.7.3/CocosCreator.app/Contents/Resources/app.asar/builtin/scene/dist/script/utils/dump/decode.ccc:1:5996)
4-24-2026 14:42:47 - warn: [Scene] Can not find environment map, disable IBL lightingError: [Scene] Can not find environment map, disable IBL lighting
    at warn (/Applications/Cocos/Creator/3.7.3/CocosCreator.app/Contents/Resources/resources/3d/engine/bin/.cache/dev/editor/bundled/index.js:147034:12)
    at warnID (/Applications/Cocos/Creator/3.7.3/CocosCreator.app/Contents/Resources/resources/3d/engine/bin/.cache/dev/editor/bundled/index.js:147253:5)
    at SkyboxInfo.set envmap (/Applications/Cocos/Creator/3.7.3/CocosCreator.app/Contents/Resources/resources/3d/engine/bin/.cache/dev/editor/bundled/index.js:54961:13)
    at SkyboxInfo.<anonymous> (/Applications/Cocos/Creator/3.7.3/CocosCreator.app/Contents/Resources/app.asar/builtin/scene/dist/script/3d/manager/asset/asset-watcher.ccc:1:1215)
    at AssetDump.decode (/Applications/Cocos/Creator/3.7.3/CocosCreator.app/Contents/Resources/app.asar/builtin/scene/dist/script/utils/dump/types/asset-dump.ccc:1:1049)
    at _decodeByType (/Applications/Cocos/Creator/3.7.3/CocosCreator.app/Contents/Resources/app.asar/builtin/scene/dist/script/utils/dump/decode.ccc:1:4319)
    at decodePatch (/Applications/Cocos/Creator/3.7.3/CocosCreator.app/Contents/Resources/app.asar/builtin/scene/dist/script/utils/dump/decode.ccc:1:5996)
4-24-2026 14:42:47 - warn: [Scene] Can not find environment map, disable IBL lightingError: [Scene] Can not find environment map, disable IBL lighting
    at warn (/Applications/Cocos/Creator/3.7.3/CocosCreator.app/Contents/Resources/resources/3d/engine/bin/.cache/dev/editor/bundled/index.js:147034:12)
    at warnID (/Applications/Cocos/Creator/3.7.3/CocosCreator.app/Contents/Resources/resources/3d/engine/bin/.cache/dev/editor/bundled/index.js:147253:5)
    at SkyboxInfo.set envmap (/Applications/Cocos/Creator/3.7.3/CocosCreator.app/Contents/Resources/resources/3d/engine/bin/.cache/dev/editor/bundled/index.js:54961:13)
    at SkyboxInfo.<anonymous> (/Applications/Cocos/Creator/3.7.3/CocosCreator.app/Contents/Resources/app.asar/builtin/scene/dist/script/3d/manager/asset/asset-watcher.ccc:1:1215)
    at AssetDump.decode (/Applications/Cocos/Creator/3.7.3/CocosCreator.app/Contents/Resources/app.asar/builtin/scene/dist/script/utils/dump/types/asset-dump.ccc:1:1049)
    at _decodeByType (/Applications/Cocos/Creator/3.7.3/CocosCreator.app/Contents/Resources/app.asar/builtin/scene/dist/script/utils/dump/decode.ccc:1:4319)
    at decodePatch (/Applications/Cocos/Creator/3.7.3/CocosCreator.app/Contents/Resources/app.asar/builtin/scene/dist/script/utils/dump/decode.ccc:1:5996)
4-24-2026 14:42:48 - warn: [Scene] Can not find environment map, disable IBL lightingError: [Scene] Can not find environment map, disable IBL lighting
    at warn (/Applications/Cocos/Creator/3.7.3/CocosCreator.app/Contents/Resources/resources/3d/engine/bin/.cache/dev/editor/bundled/index.js:147034:12)
    at warnID (/Applications/Cocos/Creator/3.7.3/CocosCreator.app/Contents/Resources/resources/3d/engine/bin/.cache/dev/editor/bundled/index.js:147253:5)
    at SkyboxInfo.set envmap (/Applications/Cocos/Creator/3.7.3/CocosCreator.app/Contents/Resources/resources/3d/engine/bin/.cache/dev/editor/bundled/index.js:54961:13)
    at SkyboxInfo.<anonymous> (/Applications/Cocos/Creator/3.7.3/CocosCreator.app/Contents/Resources/app.asar/builtin/scene/dist/script/3d/manager/asset/asset-watcher.ccc:1:1215)
    at AssetDump.decode (/Applications/Cocos/Creator/3.7.3/CocosCreator.app/Contents/Resources/app.asar/builtin/scene/dist/script/utils/dump/types/asset-dump.ccc:1:1049)
    at _decodeByType (/Applications/Cocos/Creator/3.7.3/CocosCreator.app/Contents/Resources/app.asar/builtin/scene/dist/script/utils/dump/decode.ccc:1:4319)
    at decodePatch (/Applications/Cocos/Creator/3.7.3/CocosCreator.app/Contents/Resources/app.asar/builtin/scene/dist/script/utils/dump/decode.ccc:1:5996)
4-24-2026 14:42:48 - warn: [Scene] Can not find environment map, disable IBL lightingError: [Scene] Can not find environment map, disable IBL lighting
    at warn (/Applications/Cocos/Creator/3.7.3/CocosCreator.app/Contents/Resources/resources/3d/engine/bin/.cache/dev/editor/bundled/index.js:147034:12)
    at warnID (/Applications/Cocos/Creator/3.7.3/CocosCreator.app/Contents/Resources/resources/3d/engine/bin/.cache/dev/editor/bundled/index.js:147253:5)
    at SkyboxInfo.set envmap (/Applications/Cocos/Creator/3.7.3/CocosCreator.app/Contents/Resources/resources/3d/engine/bin/.cache/dev/editor/bundled/index.js:54961:13)
    at SkyboxInfo.<anonymous> (/Applications/Cocos/Creator/3.7.3/CocosCreator.app/Contents/Resources/app.asar/builtin/scene/dist/script/3d/manager/asset/asset-watcher.ccc:1:1215)
    at AssetDump.decode (/Applications/Cocos/Creator/3.7.3/CocosCreator.app/Contents/Resources/app.asar/builtin/scene/dist/script/utils/dump/types/asset-dump.ccc:1:1049)
    at _decodeByType (/Applications/Cocos/Creator/3.7.3/CocosCreator.app/Contents/Resources/app.asar/builtin/scene/dist/script/utils/dump/decode.ccc:1:4319)
    at decodePatch (/Applications/Cocos/Creator/3.7.3/CocosCreator.app/Contents/Resources/app.asar/builtin/scene/dist/script/utils/dump/decode.ccc:1:5996)
4-24-2026 15:31:37 - warn: [Window] data in node dump (__comps__.0.anchorPoint x) is null!
4-24-2026 15:31:37 - warn: [Window] data in node dump (__comps__.0.anchorPoint y) is null!
4-24-2026 15:31:37 - warn: [Window] data in node dump (__comps__.0._anchorPoint x) is null!
4-24-2026 15:31:37 - warn: [Window] data in node dump (__comps__.0._anchorPoint y) is null!
4-24-2026 15:31:40 - warn: [Window] data in node dump (__comps__.0.anchorPoint x) is null!
4-24-2026 15:31:40 - warn: [Window] data in node dump (__comps__.0.anchorPoint y) is null!
4-24-2026 15:31:40 - warn: [Window] data in node dump (__comps__.0._anchorPoint x) is null!
4-24-2026 15:31:40 - warn: [Window] data in node dump (__comps__.0._anchorPoint y) is null!
4-24-2026 15:31:40 - warn: [Window] data in node dump (__comps__.0.anchorPoint x) is null!
4-24-2026 15:31:40 - warn: [Window] data in node dump (__comps__.0.anchorPoint y) is null!
4-24-2026 15:31:40 - warn: [Window] data in node dump (__comps__.0._anchorPoint x) is null!
4-24-2026 15:31:40 - warn: [Window] data in node dump (__comps__.0._anchorPoint y) is null!
4-24-2026 15:31:41 - warn: [Window] data in node dump (__comps__.0.anchorPoint x) is null!
4-24-2026 15:31:41 - warn: [Window] data in node dump (__comps__.0.anchorPoint y) is null!
4-24-2026 15:31:41 - warn: [Window] data in node dump (__comps__.0._anchorPoint x) is null!
4-24-2026 15:31:41 - warn: [Window] data in node dump (__comps__.0._anchorPoint y) is null!
4-24-2026 15:31:41 - warn: [Window] data in node dump (__comps__.0.anchorPoint x) is null!
4-24-2026 15:31:41 - warn: [Window] data in node dump (__comps__.0.anchorPoint y) is null!
4-24-2026 15:31:41 - warn: [Window] data in node dump (__comps__.0._anchorPoint x) is null!
4-24-2026 15:31:41 - warn: [Window] data in node dump (__comps__.0._anchorPoint y) is null!
4-24-2026 15:31:41 - warn: [Window] data in node dump (__comps__.0.anchorPoint x) is null!
4-24-2026 15:31:41 - warn: [Window] data in node dump (__comps__.0.anchorPoint y) is null!
4-24-2026 15:31:41 - warn: [Window] data in node dump (__comps__.0._anchorPoint x) is null!
4-24-2026 15:31:41 - warn: [Window] data in node dump (__comps__.0._anchorPoint y) is null!
4-24-2026 15:31:41 - warn: [Window] data in node dump (__comps__.0.anchorPoint x) is null!
4-24-2026 15:31:41 - warn: [Window] data in node dump (__comps__.0.anchorPoint y) is null!
4-24-2026 15:31:41 - warn: [Window] data in node dump (__comps__.0._anchorPoint x) is null!
4-24-2026 15:31:41 - warn: [Window] data in node dump (__comps__.0._anchorPoint y) is null!
4-24-2026 15:31:41 - warn: [Window] data in node dump (__comps__.0.anchorPoint x) is null!
4-24-2026 15:31:41 - warn: [Window] data in node dump (__comps__.0.anchorPoint y) is null!
4-24-2026 15:31:41 - warn: [Window] data in node dump (__comps__.0._anchorPoint x) is null!
4-24-2026 15:31:41 - warn: [Window] data in node dump (__comps__.0._anchorPoint y) is null!
4-24-2026 15:31:41 - warn: [Window] data in node dump (__comps__.0.anchorPoint x) is null!
4-24-2026 15:31:41 - warn: [Window] data in node dump (__comps__.0.anchorPoint y) is null!
4-24-2026 15:31:41 - warn: [Window] data in node dump (__comps__.0._anchorPoint x) is null!
4-24-2026 15:31:41 - warn: [Window] data in node dump (__comps__.0._anchorPoint y) is null!
4-24-2026 15:31:43 - warn: [Window] data in node dump (__comps__.0.anchorPoint x) is null!
4-24-2026 15:31:43 - warn: [Window] data in node dump (__comps__.0.anchorPoint y) is null!
4-24-2026 15:31:43 - warn: [Window] data in node dump (__comps__.0._anchorPoint x) is null!
4-24-2026 15:31:43 - warn: [Window] data in node dump (__comps__.0._anchorPoint y) is null!
4-24-2026 15:31:44 - warn: [Window] data in node dump (__comps__.0.anchorPoint x) is null!
4-24-2026 15:31:44 - warn: [Window] data in node dump (__comps__.0.anchorPoint y) is null!
4-24-2026 15:31:44 - warn: [Window] data in node dump (__comps__.0._anchorPoint x) is null!
4-24-2026 15:31:44 - warn: [Window] data in node dump (__comps__.0._anchorPoint y) is null!
4-24-2026 15:38:44 - warn: [Window] data in node dump (__comps__.0.anchorPoint x) is null!
4-24-2026 15:38:44 - warn: [Window] data in node dump (__comps__.0.anchorPoint y) is null!
4-24-2026 15:38:44 - warn: [Window] data in node dump (__comps__.0._anchorPoint x) is null!
4-24-2026 15:38:44 - warn: [Window] data in node dump (__comps__.0._anchorPoint y) is null!
4-24-2026 16:52:33 - warn: [Window] data in node dump (__comps__.0.anchorPoint x) is null!
4-24-2026 16:52:33 - warn: [Window] data in node dump (__comps__.0.anchorPoint y) is null!
4-24-2026 16:52:33 - warn: [Window] data in node dump (__comps__.0._anchorPoint x) is null!
4-24-2026 16:52:33 - warn: [Window] data in node dump (__comps__.0._anchorPoint y) is null!
4-24-2026 16:59:29 - warn: [Scene] Can not find environment map, disable IBL lightingError: [Scene] Can not find environment map, disable IBL lighting
    at warn (/Applications/Cocos/Creator/3.7.3/CocosCreator.app/Contents/Resources/resources/3d/engine/bin/.cache/dev/editor/bundled/index.js:147034:12)
    at warnID (/Applications/Cocos/Creator/3.7.3/CocosCreator.app/Contents/Resources/resources/3d/engine/bin/.cache/dev/editor/bundled/index.js:147253:5)
    at SkyboxInfo.set envmap (/Applications/Cocos/Creator/3.7.3/CocosCreator.app/Contents/Resources/resources/3d/engine/bin/.cache/dev/editor/bundled/index.js:54961:13)
    at SkyboxInfo.<anonymous> (/Applications/Cocos/Creator/3.7.3/CocosCreator.app/Contents/Resources/app.asar/builtin/scene/dist/script/3d/manager/asset/asset-watcher.ccc:1:1215)
    at AssetDump.decode (/Applications/Cocos/Creator/3.7.3/CocosCreator.app/Contents/Resources/app.asar/builtin/scene/dist/script/utils/dump/types/asset-dump.ccc:1:1049)
    at _decodeByType (/Applications/Cocos/Creator/3.7.3/CocosCreator.app/Contents/Resources/app.asar/builtin/scene/dist/script/utils/dump/decode.ccc:1:4319)
    at decodePatch (/Applications/Cocos/Creator/3.7.3/CocosCreator.app/Contents/Resources/app.asar/builtin/scene/dist/script/utils/dump/decode.ccc:1:5996)
4-24-2026 16:59:29 - warn: [Scene] Can not find environment map, disable IBL lightingError: [Scene] Can not find environment map, disable IBL lighting
    at warn (/Applications/Cocos/Creator/3.7.3/CocosCreator.app/Contents/Resources/resources/3d/engine/bin/.cache/dev/editor/bundled/index.js:147034:12)
    at warnID (/Applications/Cocos/Creator/3.7.3/CocosCreator.app/Contents/Resources/resources/3d/engine/bin/.cache/dev/editor/bundled/index.js:147253:5)
    at SkyboxInfo.set envmap (/Applications/Cocos/Creator/3.7.3/CocosCreator.app/Contents/Resources/resources/3d/engine/bin/.cache/dev/editor/bundled/index.js:54961:13)
    at SkyboxInfo.<anonymous> (/Applications/Cocos/Creator/3.7.3/CocosCreator.app/Contents/Resources/app.asar/builtin/scene/dist/script/3d/manager/asset/asset-watcher.ccc:1:1215)
    at AssetDump.decode (/Applications/Cocos/Creator/3.7.3/CocosCreator.app/Contents/Resources/app.asar/builtin/scene/dist/script/utils/dump/types/asset-dump.ccc:1:1049)
    at _decodeByType (/Applications/Cocos/Creator/3.7.3/CocosCreator.app/Contents/Resources/app.asar/builtin/scene/dist/script/utils/dump/decode.ccc:1:4319)
    at decodePatch (/Applications/Cocos/Creator/3.7.3/CocosCreator.app/Contents/Resources/app.asar/builtin/scene/dist/script/utils/dump/decode.ccc:1:5996)
4-24-2026 16:59:29 - warn: [Scene] Can not find environment map, disable IBL lightingError: [Scene] Can not find environment map, disable IBL lighting
    at warn (/Applications/Cocos/Creator/3.7.3/CocosCreator.app/Contents/Resources/resources/3d/engine/bin/.cache/dev/editor/bundled/index.js:147034:12)
    at warnID (/Applications/Cocos/Creator/3.7.3/CocosCreator.app/Contents/Resources/resources/3d/engine/bin/.cache/dev/editor/bundled/index.js:147253:5)
    at SkyboxInfo.set envmap (/Applications/Cocos/Creator/3.7.3/CocosCreator.app/Contents/Resources/resources/3d/engine/bin/.cache/dev/editor/bundled/index.js:54961:13)
    at SkyboxInfo.<anonymous> (/Applications/Cocos/Creator/3.7.3/CocosCreator.app/Contents/Resources/app.asar/builtin/scene/dist/script/3d/manager/asset/asset-watcher.ccc:1:1215)
    at AssetDump.decode (/Applications/Cocos/Creator/3.7.3/CocosCreator.app/Contents/Resources/app.asar/builtin/scene/dist/script/utils/dump/types/asset-dump.ccc:1:1049)
    at _decodeByType (/Applications/Cocos/Creator/3.7.3/CocosCreator.app/Contents/Resources/app.asar/builtin/scene/dist/script/utils/dump/decode.ccc:1:4319)
    at decodePatch (/Applications/Cocos/Creator/3.7.3/CocosCreator.app/Contents/Resources/app.asar/builtin/scene/dist/script/utils/dump/decode.ccc:1:5996)
4-24-2026 16:59:29 - warn: [Scene] Can not find environment map, disable IBL lightingError: [Scene] Can not find environment map, disable IBL lighting
    at warn (/Applications/Cocos/Creator/3.7.3/CocosCreator.app/Contents/Resources/resources/3d/engine/bin/.cache/dev/editor/bundled/index.js:147034:12)
    at warnID (/Applications/Cocos/Creator/3.7.3/CocosCreator.app/Contents/Resources/resources/3d/engine/bin/.cache/dev/editor/bundled/index.js:147253:5)
    at SkyboxInfo.set envmap (/Applications/Cocos/Creator/3.7.3/CocosCreator.app/Contents/Resources/resources/3d/engine/bin/.cache/dev/editor/bundled/index.js:54961:13)
    at SkyboxInfo.<anonymous> (/Applications/Cocos/Creator/3.7.3/CocosCreator.app/Contents/Resources/app.asar/builtin/scene/dist/script/3d/manager/asset/asset-watcher.ccc:1:1215)
    at AssetDump.decode (/Applications/Cocos/Creator/3.7.3/CocosCreator.app/Contents/Resources/app.asar/builtin/scene/dist/script/utils/dump/types/asset-dump.ccc:1:1049)
    at _decodeByType (/Applications/Cocos/Creator/3.7.3/CocosCreator.app/Contents/Resources/app.asar/builtin/scene/dist/script/utils/dump/decode.ccc:1:4319)
    at decodePatch (/Applications/Cocos/Creator/3.7.3/CocosCreator.app/Contents/Resources/app.asar/builtin/scene/dist/script/utils/dump/decode.ccc:1:5996)
4-24-2026 17:07:12 - error: [Scene] Widget target must be one of the parent nodes of itError: [Scene] Widget target must be one of the parent nodes of it
    at error (/Applications/Cocos/Creator/3.7.3/CocosCreator.app/Contents/Resources/resources/3d/engine/bin/.cache/dev/editor/bundled/index.js:147052:12)
    at errorID (/Applications/Cocos/Creator/3.7.3/CocosCreator.app/Contents/Resources/resources/3d/engine/bin/.cache/dev/editor/bundled/index.js:147257:5)
    at Widget._validateTargetInDEV (/Applications/Cocos/Creator/3.7.3/CocosCreator.app/Contents/Resources/resources/3d/engine/bin/.cache/dev/editor/bundled/index.js:88173:15)
    at Widget.set target [as target] (/Applications/Cocos/Creator/3.7.3/CocosCreator.app/Contents/Resources/resources/3d/engine/bin/.cache/dev/editor/bundled/index.js:87609:16)
    at NodeDump.decode (/Applications/Cocos/Creator/3.7.3/CocosCreator.app/Contents/Resources/app.asar/builtin/scene/dist/script/utils/dump/types/node-dump.ccc:1:367)
    at _decodeByType (/Applications/Cocos/Creator/3.7.3/CocosCreator.app/Contents/Resources/app.asar/builtin/scene/dist/script/utils/dump/decode.ccc:1:4319)
    at Object.decodePatch (/Applications/Cocos/Creator/3.7.3/CocosCreator.app/Contents/Resources/app.asar/builtin/scene/dist/script/utils/dump/decode.ccc:1:5691)
