5-4-2026 10:47:29-debug: asset-db:worker-init (803ms)
5-4-2026 10:47:30-debug: Preimport db internal success
5-4-2026 10:47:30-debug: Preimport db assets success
5-4-2026 10:47:30-debug: asset-db:worker-effect-data-processing (112ms)
5-4-2026 10:47:33-debug: Set detail map pack:///resolution-detail-map.json: {}
5-4-2026 10:47:33-debug: asset-db:worker-init-script (23ms)
5-4-2026 10:47:33-debug: Start up the 'internal' database...
5-4-2026 10:47:33-debug: start asset-db with asset: 419
5-4-2026 10:47:33-debug: Start up the 'assets' database...
5-4-2026 10:47:33-debug: asset-db:worker-startup-database[internal] (3140ms)
5-4-2026 10:47:33-debug: start asset-db with asset: 449
5-4-2026 10:47:33-debug: Asset DB is ready!
5-4-2026 10:47:33-debug: asset-db:worker-startup-database[assets] (3177ms)
5-4-2026 10:47:33-debug: init worker message success
5-4-2026 10:47:34-debug: builder:worker-init (1119ms)
5-4-2026 10:47:35-debug: programming:execute-script (4ms)
5-4-2026 10:47:41-debug: refresh db internal success
5-4-2026 10:47:41-debug: asset-db:worker-effect-data-processing (98ms)
5-4-2026 10:47:41-debug: refresh db assets success
5-4-2026 10:47:41-debug: asset-db:refresh-all-database (154ms)
5-4-2026 10:47:57-debug: refresh db internal success
5-4-2026 10:47:57-debug: asset-db:worker-effect-data-processing (131ms)
5-4-2026 10:47:57-debug: refresh db assets success
5-4-2026 10:47:57-debug: asset-db:refresh-all-database (179ms)
5-4-2026 10:48:00-debug: refresh db internal success
5-4-2026 10:48:00-debug: asset-db:worker-effect-data-processing (142ms)
5-4-2026 10:48:00-debug: refresh db assets success
5-4-2026 10:48:00-debug: asset-db:refresh-all-database (197ms)
5-4-2026 10:48:08-debug: refresh db internal success
5-4-2026 10:48:08-debug: asset-db:worker-effect-data-processing (100ms)
5-4-2026 10:48:08-debug: refresh db assets success
5-4-2026 10:48:08-debug: asset-db:refresh-all-database (139ms)
5-4-2026 10:48:15-debug: Query all assets info in project
5-4-2026 10:48:15-debug: BuildAssetLibrary query-assets with assets 1656
5-4-2026 10:48:15-debug:   Number of all scripts: 19
5-4-2026 10:48:15-debug: Query asset bundle start0%
5-4-2026 10:48:15-debug: // ---- build task Query asset bundle ----
5-4-2026 10:48:15-debug: Process: heapTotal 235.50MB heapUsed 207.04MB rss 148.31MB
5-4-2026 10:48:15-debug:   Number of all scenes: 5
5-4-2026 10:48:15-debug: init custom config: keepNodeUuid: false, useCache: true
5-4-2026 10:48:15-debug:   Number of other assets: 1489
5-4-2026 10:48:15-debug: // ---- build task Query asset bundle ---- (10ms)
5-4-2026 10:48:15-debug: Query and organize assets start3%
5-4-2026 10:48:15-debug: run build task Query asset bundle success in 10 ms √3%
5-4-2026 10:48:15-debug: // ---- build task Query and organize assets ----
5-4-2026 10:48:15-debug: init bundle assets
5-4-2026 10:48:15-debug: Process: heapTotal 235.56MB heapUsed 205.14MB rss 153.75MB
5-4-2026 10:48:15-debug: Query preload assets from cc.config.json: 60f7195c-ec2a-45eb-ba94-8955f60e81d0,1c02ae6f-4492-4915-b8f8-7492a3b1e4cd,810e96e4-e456-4468-9b59-f4e8f39732c0,efe8e2a3-eace-427b-b4f1-cb8a937ec77d,e9aa9a3e-5b2b-4ac7-a2c7-073de2b2b24f,8bbdbcdd-5cd4-4100-b6d5-b7c9625b6107,50f4348b-c883-4e2f-8f11-ce233b859fa1,fda095cb-831d-4601-ad94-846013963de8,f92806d7-1768-443f-afe8-12bcde84d0f0,dd3a144d-ab7f-41f0-82b8-2e43a090d496,f0416e68-0200-4b77-a926-4f9d16e494da,ff9be190-20a4-4e48-b68c-76e3c7cff085,970b0598-bcb0-4714-91fb-2e81440dccd8,bcd64cc6-2dd9-43f6-abbe-66318d332032,d930590d-bb92-4cc8-8bd1-23cd027f9edf,a3cd009f-0ab0-420d-9278-b9fdab939bbc,9361fd90-ba52-4f84-aa93-6e878fd576ca,c27215d8-6835-4b68-bfbb-bdeac6100c04,b5d6115f-0370-4d7c-aad3-c194cc71cf98,871c3b6c-7379-419d-bda3-794b239ab90d
5-4-2026 10:48:15-debug: Number of scenes: 5
5-4-2026 10:48:15-debug: // ---- build task Query and organize assets ---- (3ms)
5-4-2026 10:48:15-debug: Process: heapTotal 235.56MB heapUsed 205.41MB rss 154.67MB
5-4-2026 10:48:15-debug: sort script group...
5-4-2026 10:48:15-debug: Organize scripts start7%
5-4-2026 10:48:15-debug: run build task Query and organize assets success in 3 ms √7%
5-4-2026 10:48:15-debug: // ---- build task Organize scripts ----
5-4-2026 10:48:15-debug: run build task Organize scripts success in 0 ms √10%
5-4-2026 10:48:15-debug: Process: heapTotal 235.56MB heapUsed 205.44MB rss 154.67MB
5-4-2026 10:48:15-debug: // ---- build task Init settings and config ----
5-4-2026 10:48:15-debug: Init settings and config start10%
5-4-2026 10:48:15-debug: run build task Init settings and config success in 0 ms √11%
5-4-2026 10:48:15-debug: builder.tasks.settings.macro start11%
5-4-2026 10:48:15-debug: // ---- build task builder.tasks.settings.macro ----
5-4-2026 10:48:15-debug: Process: heapTotal 235.56MB heapUsed 205.46MB rss 154.77MB
5-4-2026 10:48:15-debug: builder.tasks.settings.macro does not defined in i18n
5-4-2026 10:48:15-debug: run build task builder.tasks.settings.macro success in 0 ms √11%
5-4-2026 10:48:15-debug: Sort some build options to settings.json start11%
5-4-2026 10:48:15-debug: // ---- build task Sort some build options to settings.json ----
5-4-2026 10:48:15-debug: Process: heapTotal 235.56MB heapUsed 205.48MB rss 154.80MB
5-4-2026 10:48:15-debug: // ---- build task Sort some build options to settings.json ---- (1ms)
5-4-2026 10:48:15-debug: custom joint texture layouts start12%
5-4-2026 10:48:15-debug: // ---- build task custom joint texture layouts ----
5-4-2026 10:48:15-debug: Process: heapTotal 235.56MB heapUsed 205.54MB rss 155.06MB
5-4-2026 10:48:15-debug: run build task Sort some build options to settings.json success in 1 ms √12%
5-4-2026 10:48:15-debug: // ---- build task custom joint texture layouts ---- (1ms)
5-4-2026 10:48:15-debug: custom joint physics start12%
5-4-2026 10:48:15-debug: run build task custom joint texture layouts success in 1 ms √12%
5-4-2026 10:48:15-debug: Process: heapTotal 235.56MB heapUsed 205.56MB rss 155.08MB
5-4-2026 10:48:15-debug: // ---- build task custom joint physics ----
5-4-2026 10:48:15-debug: run build task custom joint physics success in 0 ms √13%
5-4-2026 10:48:15-debug: // ---- build task Fill script data to settings ----
5-4-2026 10:48:15-debug: Process: heapTotal 235.56MB heapUsed 205.58MB rss 155.09MB
5-4-2026 10:48:15-debug: Fill script data to settings start13%
5-4-2026 10:48:15-debug: run build task Fill script data to settings success in 0 ms √13%
5-4-2026 10:48:15-debug: // ---- build task Fill scene data to settings ----
5-4-2026 10:48:15-debug: Process: heapTotal 235.56MB heapUsed 205.59MB rss 155.16MB
5-4-2026 10:48:15-debug: Fill scene data to settings start13%
5-4-2026 10:48:15-debug: run build task Fill scene data to settings success in 0 ms √14%
5-4-2026 10:48:15-debug: Organize assets groups，generate packedAssets and rawAssets data start14%
5-4-2026 10:48:15-debug: // ---- build task Organize assets groups，generate packedAssets and rawAssets data ----
5-4-2026 10:48:15-debug: Process: heapTotal 235.56MB heapUsed 205.61MB rss 155.22MB
5-4-2026 10:48:15-debug: run build task Organize assets groups，generate packedAssets and rawAssets data success in 0 ms √14%
5-4-2026 10:48:15-debug: // ---- build task Generate md5AssetsMap from suffixMap to settings ----
5-4-2026 10:48:15-debug: Process: heapTotal 235.56MB heapUsed 205.64MB rss 155.47MB
5-4-2026 10:48:15-debug: Generate md5AssetsMap from suffixMap to settings start14%
5-4-2026 10:48:15-debug: options.md5Cache is false.
5-4-2026 10:48:15-debug: run build task Generate md5AssetsMap from suffixMap to settings success in 0 ms √15%
5-4-2026 10:48:18-debug: Query all assets info in project
5-4-2026 10:48:18-debug: BuildAssetLibrary query-assets with assets 1656
5-4-2026 10:48:18-debug:   Number of other assets: 1489
5-4-2026 10:48:18-debug: Query asset bundle start0%
5-4-2026 10:48:18-debug: init custom config: keepNodeUuid: false, useCache: true
5-4-2026 10:48:18-debug:   Number of all scenes: 5
5-4-2026 10:48:18-debug: // ---- build task Query asset bundle ----
5-4-2026 10:48:18-debug: Process: heapTotal 235.81MB heapUsed 202.68MB rss 155.13MB
5-4-2026 10:48:18-debug:   Number of all scripts: 19
5-4-2026 10:48:18-debug: // ---- build task Query asset bundle ---- (7ms)
5-4-2026 10:48:18-debug: Process: heapTotal 235.81MB heapUsed 206.20MB rss 156.17MB
5-4-2026 10:48:18-debug: init bundle assets
5-4-2026 10:48:18-debug: Query and organize assets start3%
5-4-2026 10:48:18-debug: run build task Query asset bundle success in 7 ms √3%
5-4-2026 10:48:18-debug: // ---- build task Query and organize assets ----
5-4-2026 10:48:18-debug: Query preload assets from cc.config.json: 60f7195c-ec2a-45eb-ba94-8955f60e81d0,1c02ae6f-4492-4915-b8f8-7492a3b1e4cd,810e96e4-e456-4468-9b59-f4e8f39732c0,efe8e2a3-eace-427b-b4f1-cb8a937ec77d,e9aa9a3e-5b2b-4ac7-a2c7-073de2b2b24f,8bbdbcdd-5cd4-4100-b6d5-b7c9625b6107,50f4348b-c883-4e2f-8f11-ce233b859fa1,fda095cb-831d-4601-ad94-846013963de8,f92806d7-1768-443f-afe8-12bcde84d0f0,dd3a144d-ab7f-41f0-82b8-2e43a090d496,f0416e68-0200-4b77-a926-4f9d16e494da,ff9be190-20a4-4e48-b68c-76e3c7cff085,970b0598-bcb0-4714-91fb-2e81440dccd8,bcd64cc6-2dd9-43f6-abbe-66318d332032,d930590d-bb92-4cc8-8bd1-23cd027f9edf,a3cd009f-0ab0-420d-9278-b9fdab939bbc,9361fd90-ba52-4f84-aa93-6e878fd576ca,c27215d8-6835-4b68-bfbb-bdeac6100c04,b5d6115f-0370-4d7c-aad3-c194cc71cf98,871c3b6c-7379-419d-bda3-794b239ab90d
5-4-2026 10:48:18-debug: Number of scenes: 5
5-4-2026 10:48:18-debug: // ---- build task Query and organize assets ---- (2ms)
5-4-2026 10:48:18-debug: Organize scripts start7%
5-4-2026 10:48:18-debug: Process: heapTotal 235.81MB heapUsed 206.43MB rss 157.23MB
5-4-2026 10:48:18-debug: // ---- build task Organize scripts ----
5-4-2026 10:48:18-debug: sort script group...
5-4-2026 10:48:18-debug: run build task Query and organize assets success in 2 ms √7%
5-4-2026 10:48:18-debug: // ---- build task Organize scripts ---- (1ms)
5-4-2026 10:48:18-debug: // ---- build task Init settings and config ----
5-4-2026 10:48:18-debug: Init settings and config start10%
5-4-2026 10:48:18-debug: Process: heapTotal 235.81MB heapUsed 206.68MB rss 157.28MB
5-4-2026 10:48:18-debug: run build task Organize scripts success in 1 ms √10%
5-4-2026 10:48:18-debug: run build task Init settings and config success in 0 ms √11%
5-4-2026 10:48:18-debug: // ---- build task builder.tasks.settings.macro ----
5-4-2026 10:48:18-debug: builder.tasks.settings.macro start11%
5-4-2026 10:48:18-debug: builder.tasks.settings.macro does not defined in i18n
5-4-2026 10:48:18-debug: Process: heapTotal 235.81MB heapUsed 206.70MB rss 157.30MB
5-4-2026 10:48:18-debug: run build task builder.tasks.settings.macro success in 0 ms √11%
5-4-2026 10:48:18-debug: // ---- build task Sort some build options to settings.json ----
5-4-2026 10:48:18-debug: Sort some build options to settings.json start11%
5-4-2026 10:48:18-debug: Process: heapTotal 235.81MB heapUsed 206.72MB rss 157.30MB
5-4-2026 10:48:18-debug: // ---- build task Sort some build options to settings.json ---- (1ms)
5-4-2026 10:48:18-debug: run build task Sort some build options to settings.json success in 1 ms √12%
5-4-2026 10:48:18-debug: custom joint texture layouts start12%
5-4-2026 10:48:18-debug: Process: heapTotal 235.81MB heapUsed 206.78MB rss 157.33MB
5-4-2026 10:48:18-debug: // ---- build task custom joint texture layouts ----
5-4-2026 10:48:18-debug: // ---- build task custom joint texture layouts ---- (1ms)
5-4-2026 10:48:18-debug: custom joint physics start12%
5-4-2026 10:48:18-debug: run build task custom joint texture layouts success in 1 ms √12%
5-4-2026 10:48:18-debug: Process: heapTotal 235.81MB heapUsed 206.80MB rss 157.34MB
5-4-2026 10:48:18-debug: // ---- build task custom joint physics ----
5-4-2026 10:48:18-debug: run build task custom joint physics success in 0 ms √13%
5-4-2026 10:48:18-debug: Fill script data to settings start13%
5-4-2026 10:48:18-debug: // ---- build task Fill script data to settings ----
5-4-2026 10:48:18-debug: Process: heapTotal 235.81MB heapUsed 206.82MB rss 157.34MB
5-4-2026 10:48:18-debug: // ---- build task Fill script data to settings ---- (1ms)
5-4-2026 10:48:18-debug: Process: heapTotal 235.81MB heapUsed 206.84MB rss 157.34MB
5-4-2026 10:48:18-debug: Fill scene data to settings start13%
5-4-2026 10:48:18-debug: // ---- build task Fill scene data to settings ----
5-4-2026 10:48:18-debug: run build task Fill script data to settings success in 1 ms √13%
5-4-2026 10:48:18-debug: run build task Fill scene data to settings success in 0 ms √14%
5-4-2026 10:48:18-debug: // ---- build task Organize assets groups，generate packedAssets and rawAssets data ----
5-4-2026 10:48:18-debug: Process: heapTotal 235.81MB heapUsed 206.85MB rss 157.34MB
5-4-2026 10:48:18-debug: Organize assets groups，generate packedAssets and rawAssets data start14%
5-4-2026 10:48:18-debug: run build task Organize assets groups，generate packedAssets and rawAssets data success in 0 ms √14%
5-4-2026 10:48:18-debug: // ---- build task Generate md5AssetsMap from suffixMap to settings ----
5-4-2026 10:48:18-debug: Process: heapTotal 235.81MB heapUsed 206.88MB rss 157.38MB
5-4-2026 10:48:18-debug: Generate md5AssetsMap from suffixMap to settings start14%
5-4-2026 10:48:18-debug: options.md5Cache is false.
5-4-2026 10:48:18-debug: run build task Generate md5AssetsMap from suffixMap to settings success in 0 ms √15%
5-4-2026 10:48:30-debug: refresh db internal success
5-4-2026 10:48:30-debug: asset-db:worker-effect-data-processing (115ms)
5-4-2026 10:48:30-debug: refresh db assets success
5-4-2026 10:48:30-debug: asset-db:refresh-all-database (162ms)
5-4-2026 10:48:37-debug: refresh db internal success
5-4-2026 10:48:37-debug: asset-db:worker-effect-data-processing (154ms)
5-4-2026 10:48:37-debug: refresh db assets success
5-4-2026 10:48:37-debug: asset-db:refresh-all-database (197ms)
5-4-2026 10:48:55-debug: refresh db internal success
5-4-2026 10:48:55-debug: asset-db:worker-effect-data-processing (136ms)
5-4-2026 10:48:55-debug: refresh db assets success
5-4-2026 10:48:55-debug: asset-db:refresh-all-database (179ms)
5-4-2026 10:49:22-debug: refresh db internal success
5-4-2026 10:49:22-debug: asset-db:worker-effect-data-processing (111ms)
5-4-2026 10:49:22-debug: %cImport%c: /Users/user/NewProject_1/assets/script/character/controller.tsbackground: #aaff85; color: #000;color: #000;
5-4-2026 10:49:22-debug: refresh db assets success
5-4-2026 10:49:22-debug: asset-db:refresh-all-database (155ms)
5-4-2026 10:49:22-debug: Query all assets info in project
5-4-2026 10:49:22-debug: BuildAssetLibrary query-assets with assets 1656
5-4-2026 10:49:22-debug:   Number of other assets: 1489
5-4-2026 10:49:22-debug: Query asset bundle start0%
5-4-2026 10:49:22-debug: // ---- build task Query asset bundle ----
5-4-2026 10:49:22-debug:   Number of all scripts: 19
5-4-2026 10:49:22-debug:   Number of all scenes: 5
5-4-2026 10:49:22-debug: Process: heapTotal 246.14MB heapUsed 210.51MB rss 298.56MB
5-4-2026 10:49:22-debug: init custom config: keepNodeUuid: false, useCache: true
5-4-2026 10:49:22-debug: // ---- build task Query asset bundle ---- (9ms)
5-4-2026 10:49:22-debug: Process: heapTotal 246.14MB heapUsed 214.15MB rss 299.02MB
5-4-2026 10:49:22-debug: init bundle assets
5-4-2026 10:49:22-debug: // ---- build task Query and organize assets ----
5-4-2026 10:49:22-debug: run build task Query asset bundle success in 9 ms √3%
5-4-2026 10:49:22-debug: Query and organize assets start3%
5-4-2026 10:49:22-debug: Query preload assets from cc.config.json: 60f7195c-ec2a-45eb-ba94-8955f60e81d0,1c02ae6f-4492-4915-b8f8-7492a3b1e4cd,810e96e4-e456-4468-9b59-f4e8f39732c0,efe8e2a3-eace-427b-b4f1-cb8a937ec77d,e9aa9a3e-5b2b-4ac7-a2c7-073de2b2b24f,8bbdbcdd-5cd4-4100-b6d5-b7c9625b6107,50f4348b-c883-4e2f-8f11-ce233b859fa1,fda095cb-831d-4601-ad94-846013963de8,f92806d7-1768-443f-afe8-12bcde84d0f0,dd3a144d-ab7f-41f0-82b8-2e43a090d496,f0416e68-0200-4b77-a926-4f9d16e494da,ff9be190-20a4-4e48-b68c-76e3c7cff085,970b0598-bcb0-4714-91fb-2e81440dccd8,bcd64cc6-2dd9-43f6-abbe-66318d332032,d930590d-bb92-4cc8-8bd1-23cd027f9edf,a3cd009f-0ab0-420d-9278-b9fdab939bbc,9361fd90-ba52-4f84-aa93-6e878fd576ca,c27215d8-6835-4b68-bfbb-bdeac6100c04,b5d6115f-0370-4d7c-aad3-c194cc71cf98,871c3b6c-7379-419d-bda3-794b239ab90d
5-4-2026 10:49:22-debug: Number of scenes: 5
5-4-2026 10:49:22-debug: // ---- build task Query and organize assets ---- (2ms)
5-4-2026 10:49:22-debug: Organize scripts start7%
5-4-2026 10:49:22-debug: Process: heapTotal 246.14MB heapUsed 214.41MB rss 299.03MB
5-4-2026 10:49:22-debug: sort script group...
5-4-2026 10:49:22-debug: run build task Query and organize assets success in 2 ms √7%
5-4-2026 10:49:22-debug: // ---- build task Organize scripts ----
5-4-2026 10:49:22-debug: run build task Organize scripts success in 0 ms √10%
5-4-2026 10:49:22-debug: Process: heapTotal 246.14MB heapUsed 214.43MB rss 299.03MB
5-4-2026 10:49:22-debug: // ---- build task Init settings and config ----
5-4-2026 10:49:22-debug: Init settings and config start10%
5-4-2026 10:49:22-debug: // ---- build task Init settings and config ---- (1ms)
5-4-2026 10:49:22-debug: builder.tasks.settings.macro does not defined in i18n
5-4-2026 10:49:22-debug: builder.tasks.settings.macro start11%
5-4-2026 10:49:22-debug: // ---- build task builder.tasks.settings.macro ----
5-4-2026 10:49:22-debug: run build task Init settings and config success in 1 ms √11%
5-4-2026 10:49:22-debug: Process: heapTotal 246.14MB heapUsed 214.46MB rss 299.03MB
5-4-2026 10:49:22-debug: // ---- build task builder.tasks.settings.macro ---- (1ms)
5-4-2026 10:49:22-debug: run build task builder.tasks.settings.macro success in 1 ms √11%
5-4-2026 10:49:22-debug: Sort some build options to settings.json start11%
5-4-2026 10:49:22-debug: // ---- build task Sort some build options to settings.json ----
5-4-2026 10:49:22-debug: Process: heapTotal 246.14MB heapUsed 214.48MB rss 299.03MB
5-4-2026 10:49:22-debug: // ---- build task Sort some build options to settings.json ---- (1ms)
5-4-2026 10:49:22-debug: run build task Sort some build options to settings.json success in 1 ms √12%
5-4-2026 10:49:22-debug: custom joint texture layouts start12%
5-4-2026 10:49:22-debug: // ---- build task custom joint texture layouts ----
5-4-2026 10:49:22-debug: Process: heapTotal 246.14MB heapUsed 214.54MB rss 299.05MB
5-4-2026 10:49:22-debug: // ---- build task custom joint texture layouts ---- (1ms)
5-4-2026 10:49:22-debug: custom joint physics start12%
5-4-2026 10:49:22-debug: // ---- build task custom joint physics ----
5-4-2026 10:49:22-debug: run build task custom joint texture layouts success in 1 ms √12%
5-4-2026 10:49:22-debug: Process: heapTotal 246.14MB heapUsed 214.56MB rss 299.05MB
5-4-2026 10:49:22-debug: run build task custom joint physics success in 0 ms √13%
5-4-2026 10:49:22-debug: // ---- build task Fill script data to settings ----
5-4-2026 10:49:22-debug: Fill script data to settings start13%
5-4-2026 10:49:22-debug: Process: heapTotal 246.14MB heapUsed 214.58MB rss 299.06MB
5-4-2026 10:49:22-debug: run build task Fill script data to settings success in 0 ms √13%
5-4-2026 10:49:22-debug: Process: heapTotal 246.14MB heapUsed 214.60MB rss 299.06MB
5-4-2026 10:49:22-debug: // ---- build task Fill scene data to settings ----
5-4-2026 10:49:22-debug: Fill scene data to settings start13%
5-4-2026 10:49:22-debug: run build task Fill scene data to settings success in 0 ms √14%
5-4-2026 10:49:22-debug: Process: heapTotal 246.14MB heapUsed 214.62MB rss 299.06MB
5-4-2026 10:49:22-debug: // ---- build task Organize assets groups，generate packedAssets and rawAssets data ----
5-4-2026 10:49:22-debug: Organize assets groups，generate packedAssets and rawAssets data start14%
5-4-2026 10:49:22-debug: // ---- build task Organize assets groups，generate packedAssets and rawAssets data ---- (1ms)
5-4-2026 10:49:22-debug: Generate md5AssetsMap from suffixMap to settings start14%
5-4-2026 10:49:22-debug: options.md5Cache is false.
5-4-2026 10:49:22-debug: // ---- build task Generate md5AssetsMap from suffixMap to settings ----
5-4-2026 10:49:22-debug: Process: heapTotal 246.14MB heapUsed 214.65MB rss 299.08MB
5-4-2026 10:49:22-debug: run build task Organize assets groups，generate packedAssets and rawAssets data success in 1 ms √14%
5-4-2026 10:49:22-debug: run build task Generate md5AssetsMap from suffixMap to settings success in 0 ms √15%
5-4-2026 10:49:26-debug: refresh db internal success
5-4-2026 10:49:26-debug: asset-db:worker-effect-data-processing (114ms)
5-4-2026 10:49:26-debug: refresh db assets success
5-4-2026 10:49:26-debug: asset-db:refresh-all-database (159ms)
5-4-2026 10:49:27-debug: refresh db internal success
5-4-2026 10:49:28-debug: asset-db:worker-effect-data-processing (88ms)
5-4-2026 10:49:28-debug: refresh db assets success
5-4-2026 10:49:28-debug: asset-db:refresh-all-database (137ms)
5-4-2026 10:53:13-debug: refresh db internal success
5-4-2026 10:53:13-debug: asset-db:worker-effect-data-processing (133ms)
5-4-2026 10:53:13-debug: refresh db assets success
5-4-2026 10:53:13-debug: asset-db:refresh-all-database (188ms)
